2020-07-09T10:06:04+00:00 CRITICAL syntax error, unexpected 'date' (T_STRING), expecting ';' or ',' dans /Applications/MAMP/htdocs/wordpress/wp-content/themes/wp-bootstrap-starter/footer.php à la ligne 21

2020-07-09T14:36:58+00:00 CRITICAL Uncaught Error: Call to undefined function wp_bootstrap_starter_bg_class() in /Applications/MAMP/htdocs/wordpress/wp-content/themes/wp-bootstrap-starterchild/header.php:26
Stack trace:
#0 /Applications/MAMP/htdocs/wordpress/wp-includes/template.php(723): require_once()
#1 /Applications/MAMP/htdocs/wordpress/wp-includes/template.php(672): load_template('/Applications/M...', true)
#2 /Applications/MAMP/htdocs/wordpress/wp-includes/general-template.php(41): locate_template(Array, true)
#3 /Applications/MAMP/htdocs/wordpress/wp-content/themes/wp-bootstrap-starterchild/page.php(15): get_header()
#4 /Applications/MAMP/htdocs/wordpress/wp-includes/template-loader.php(106): include('/Applications/M...')
#5 /Applications/MAMP/htdocs/wordpress/wp-blog-header.php(19): require_once('/Applications/M...')
#6 /Applications/MAMP/htdocs/wordpress/index.php(17): require('/Applications/M...')
#7 {main}
  thrown dans /Applications/MAMP/htdocs/wordpress/wp-content/themes/wp-bootstrap-starterchild/header.php à la ligne 26

2020-07-09T14:37:04+00:00 CRITICAL Uncaught Error: Call to undefined function wp_bootstrap_starter_bg_class() in /Applications/MAMP/htdocs/wordpress/wp-content/themes/wp-bootstrap-starterchild/header.php:26
Stack trace:
#0 /Applications/MAMP/htdocs/wordpress/wp-includes/template.php(723): require_once()
#1 /Applications/MAMP/htdocs/wordpress/wp-includes/template.php(672): load_template('/Applications/M...', true)
#2 /Applications/MAMP/htdocs/wordpress/wp-includes/general-template.php(41): locate_template(Array, true)
#3 /Applications/MAMP/htdocs/wordpress/wp-content/themes/wp-bootstrap-starterchild/page.php(15): get_header()
#4 /Applications/MAMP/htdocs/wordpress/wp-includes/template-loader.php(106): include('/Applications/M...')
#5 /Applications/MAMP/htdocs/wordpress/wp-blog-header.php(19): require_once('/Applications/M...')
#6 /Applications/MAMP/htdocs/wordpress/index.php(17): require('/Applications/M...')
#7 {main}
  thrown dans /Applications/MAMP/htdocs/wordpress/wp-content/themes/wp-bootstrap-starterchild/header.php à la ligne 26

2020-07-09T14:37:27+00:00 CRITICAL Uncaught Error: Call to undefined function wp_bootstrap_starter_bg_class() in /Applications/MAMP/htdocs/wordpress/wp-content/themes/wp-bootstrap-starterchild/header.php:26
Stack trace:
#0 /Applications/MAMP/htdocs/wordpress/wp-includes/template.php(723): require_once()
#1 /Applications/MAMP/htdocs/wordpress/wp-includes/template.php(672): load_template('/Applications/M...', true)
#2 /Applications/MAMP/htdocs/wordpress/wp-includes/general-template.php(41): locate_template(Array, true)
#3 /Applications/MAMP/htdocs/wordpress/wp-content/themes/wp-bootstrap-starterchild/404.php(10): get_header()
#4 /Applications/MAMP/htdocs/wordpress/wp-includes/template-loader.php(106): include('/Applications/M...')
#5 /Applications/MAMP/htdocs/wordpress/wp-blog-header.php(19): require_once('/Applications/M...')
#6 /Applications/MAMP/htdocs/wordpress/index.php(17): require('/Applications/M...')
#7 {main}
  thrown dans /Applications/MAMP/htdocs/wordpress/wp-content/themes/wp-bootstrap-starterchild/header.php à la ligne 26

2020-07-09T14:37:28+00:00 CRITICAL Uncaught Error: Call to undefined function wp_bootstrap_starter_bg_class() in /Applications/MAMP/htdocs/wordpress/wp-content/themes/wp-bootstrap-starterchild/header.php:26
Stack trace:
#0 /Applications/MAMP/htdocs/wordpress/wp-includes/template.php(723): require_once()
#1 /Applications/MAMP/htdocs/wordpress/wp-includes/template.php(672): load_template('/Applications/M...', true)
#2 /Applications/MAMP/htdocs/wordpress/wp-includes/general-template.php(41): locate_template(Array, true)
#3 /Applications/MAMP/htdocs/wordpress/wp-content/themes/wp-bootstrap-starterchild/404.php(10): get_header()
#4 /Applications/MAMP/htdocs/wordpress/wp-includes/template-loader.php(106): include('/Applications/M...')
#5 /Applications/MAMP/htdocs/wordpress/wp-blog-header.php(19): require_once('/Applications/M...')
#6 /Applications/MAMP/htdocs/wordpress/index.php(17): require('/Applications/M...')
#7 {main}
  thrown dans /Applications/MAMP/htdocs/wordpress/wp-content/themes/wp-bootstrap-starterchild/header.php à la ligne 26

2020-07-09T14:37:28+00:00 CRITICAL Uncaught Error: Call to undefined function wp_bootstrap_starter_bg_class() in /Applications/MAMP/htdocs/wordpress/wp-content/themes/wp-bootstrap-starterchild/header.php:26
Stack trace:
#0 /Applications/MAMP/htdocs/wordpress/wp-includes/template.php(723): require_once()
#1 /Applications/MAMP/htdocs/wordpress/wp-includes/template.php(672): load_template('/Applications/M...', true)
#2 /Applications/MAMP/htdocs/wordpress/wp-includes/general-template.php(41): locate_template(Array, true)
#3 /Applications/MAMP/htdocs/wordpress/wp-content/themes/wp-bootstrap-starterchild/page.php(15): get_header()
#4 /Applications/MAMP/htdocs/wordpress/wp-includes/template-loader.php(106): include('/Applications/M...')
#5 /Applications/MAMP/htdocs/wordpress/wp-blog-header.php(19): require_once('/Applications/M...')
#6 /Applications/MAMP/htdocs/wordpress/index.php(17): require('/Applications/M...')
#7 {main}
  thrown dans /Applications/MAMP/htdocs/wordpress/wp-content/themes/wp-bootstrap-starterchild/header.php à la ligne 26

2020-07-09T14:37:29+00:00 CRITICAL Uncaught Error: Call to undefined function wp_bootstrap_starter_bg_class() in /Applications/MAMP/htdocs/wordpress/wp-content/themes/wp-bootstrap-starterchild/header.php:26
Stack trace:
#0 /Applications/MAMP/htdocs/wordpress/wp-includes/template.php(723): require_once()
#1 /Applications/MAMP/htdocs/wordpress/wp-includes/template.php(672): load_template('/Applications/M...', true)
#2 /Applications/MAMP/htdocs/wordpress/wp-includes/general-template.php(41): locate_template(Array, true)
#3 /Applications/MAMP/htdocs/wordpress/wp-content/themes/wp-bootstrap-starterchild/404.php(10): get_header()
#4 /Applications/MAMP/htdocs/wordpress/wp-includes/template-loader.php(106): include('/Applications/M...')
#5 /Applications/MAMP/htdocs/wordpress/wp-blog-header.php(19): require_once('/Applications/M...')
#6 /Applications/MAMP/htdocs/wordpress/index.php(17): require('/Applications/M...')
#7 {main}
  thrown dans /Applications/MAMP/htdocs/wordpress/wp-content/themes/wp-bootstrap-starterchild/header.php à la ligne 26

2020-07-09T14:37:29+00:00 CRITICAL Uncaught Error: Call to undefined function wp_bootstrap_starter_bg_class() in /Applications/MAMP/htdocs/wordpress/wp-content/themes/wp-bootstrap-starterchild/header.php:26
Stack trace:
#0 /Applications/MAMP/htdocs/wordpress/wp-includes/template.php(723): require_once()
#1 /Applications/MAMP/htdocs/wordpress/wp-includes/template.php(672): load_template('/Applications/M...', true)
#2 /Applications/MAMP/htdocs/wordpress/wp-includes/general-template.php(41): locate_template(Array, true)
#3 /Applications/MAMP/htdocs/wordpress/wp-content/themes/wp-bootstrap-starterchild/page.php(15): get_header()
#4 /Applications/MAMP/htdocs/wordpress/wp-includes/template-loader.php(106): include('/Applications/M...')
#5 /Applications/MAMP/htdocs/wordpress/wp-blog-header.php(19): require_once('/Applications/M...')
#6 /Applications/MAMP/htdocs/wordpress/index.php(17): require('/Applications/M...')
#7 {main}
  thrown dans /Applications/MAMP/htdocs/wordpress/wp-content/themes/wp-bootstrap-starterchild/header.php à la ligne 26

2020-07-09T14:44:03+00:00 CRITICAL require(): Failed opening required '/Applications/MAMP/htdocs/wordpress/wp-content/themes/OceanWP/inc/custom-header.php' (include_path='.:/Applications/MAMP/bin/php/php7.4.2/lib/php') dans /Applications/MAMP/htdocs/wordpress/wp-content/themes/wp-bootstrap-starter child/functions.php à la ligne 275

2020-07-09T14:45:13+00:00 CRITICAL require(): Failed opening required '/Applications/MAMP/htdocs/wordpress/wp-content/themes/OceanWP/inc/custom-header.php' (include_path='.:/Applications/MAMP/bin/php/php7.4.2/lib/php') dans /Applications/MAMP/htdocs/wordpress/wp-content/themes/wp-bootstrap-starter child/functions.php à la ligne 275

2020-07-09T14:45:15+00:00 CRITICAL require(): Failed opening required '/Applications/MAMP/htdocs/wordpress/wp-content/themes/OceanWP/inc/custom-header.php' (include_path='.:/Applications/MAMP/bin/php/php7.4.2/lib/php') dans /Applications/MAMP/htdocs/wordpress/wp-content/themes/wp-bootstrap-starter child/functions.php à la ligne 275

2020-07-09T14:45:17+00:00 CRITICAL require(): Failed opening required '/Applications/MAMP/htdocs/wordpress/wp-content/themes/OceanWP/inc/custom-header.php' (include_path='.:/Applications/MAMP/bin/php/php7.4.2/lib/php') dans /Applications/MAMP/htdocs/wordpress/wp-content/themes/wp-bootstrap-starter child/functions.php à la ligne 275

2020-07-09T14:45:19+00:00 CRITICAL require(): Failed opening required '/Applications/MAMP/htdocs/wordpress/wp-content/themes/OceanWP/inc/custom-header.php' (include_path='.:/Applications/MAMP/bin/php/php7.4.2/lib/php') dans /Applications/MAMP/htdocs/wordpress/wp-content/themes/wp-bootstrap-starter child/functions.php à la ligne 275

2020-07-09T14:45:19+00:00 CRITICAL require(): Failed opening required '/Applications/MAMP/htdocs/wordpress/wp-content/themes/OceanWP/inc/custom-header.php' (include_path='.:/Applications/MAMP/bin/php/php7.4.2/lib/php') dans /Applications/MAMP/htdocs/wordpress/wp-content/themes/wp-bootstrap-starter child/functions.php à la ligne 275

2020-07-09T14:45:22+00:00 CRITICAL require(): Failed opening required '/Applications/MAMP/htdocs/wordpress/wp-content/themes/OceanWP/inc/custom-header.php' (include_path='.:/Applications/MAMP/bin/php/php7.4.2/lib/php') dans /Applications/MAMP/htdocs/wordpress/wp-content/themes/wp-bootstrap-starter child/functions.php à la ligne 275

2020-07-09T14:45:37+00:00 CRITICAL require(): Failed opening required '/Applications/MAMP/htdocs/wordpress/wp-content/themes/OceanWP/inc/custom-header.php' (include_path='.:/Applications/MAMP/bin/php/php7.4.2/lib/php') dans /Applications/MAMP/htdocs/wordpress/wp-content/themes/wp-bootstrap-starter child/functions.php à la ligne 275

2020-07-09T14:46:09+00:00 CRITICAL require(): Failed opening required '/Applications/MAMP/htdocs/wordpress/wp-content/themes/OceanWP/inc/custom-header.php' (include_path='.:/Applications/MAMP/bin/php/php7.4.2/lib/php') dans /Applications/MAMP/htdocs/wordpress/wp-content/themes/wp-bootstrap-starter child/functions.php à la ligne 275

2020-07-09T14:46:10+00:00 CRITICAL require(): Failed opening required '/Applications/MAMP/htdocs/wordpress/wp-content/themes/OceanWP/inc/custom-header.php' (include_path='.:/Applications/MAMP/bin/php/php7.4.2/lib/php') dans /Applications/MAMP/htdocs/wordpress/wp-content/themes/wp-bootstrap-starter child/functions.php à la ligne 275

2020-07-09T14:46:14+00:00 CRITICAL require(): Failed opening required '/Applications/MAMP/htdocs/wordpress/wp-content/themes/OceanWP/inc/custom-header.php' (include_path='.:/Applications/MAMP/bin/php/php7.4.2/lib/php') dans /Applications/MAMP/htdocs/wordpress/wp-content/themes/wp-bootstrap-starter child/functions.php à la ligne 275

